<?xml version="1.0" encoding="UTF-8"?>
<!-- Generated by org.testng.reporters.JUnitReportReporter -->
<testsuite hostname="DESKTOP-HPNOI30" failures="0" tests="1" name="com.inetbanking.testCases.TC_AddNewCustomer_003" time="26.967" errors="0" timestamp="2023-07-02T00:33:15 IST" skipped="0">
  <testcase classname="com.inetbanking.testCases.TC_AddNewCustomer_003" name="addNewCustomer" time="26.967"/>
  <system-out/>
</testsuite> <!-- com.inetbanking.testCases.TC_AddNewCustomer_003 -->
